<?xml version="1.0" encoding="UTF-8"?>
<!-- Generated by org.testng.reporters.JUnitXMLReporter -->
<testsuite hostname="DESKTOP-VVI0H3R" ignored="2" name="My Sample Test" tests="2" failures="0" timestamp="28 Apr 2020 16:29:59 GMT" time="0.061" errors="0">
  <testcase name="createContactTest" time="0.005" classname="TestNGSessions.ContactsTest"/>
  <testcase name="header" time="0.003" classname="TestNGSessions.HomeTest"/>
  <testcase name="@AfterTest tearDown" time="0.0" classname="TestNGSessions.BaseTest">
    <ignored/>
  </testcase> <!-- @AfterTest tearDown -->
  <testcase name="@BeforeTest setup" time="0.0" classname="TestNGSessions.BaseTest">
    <ignored/>
  </testcase> <!-- @BeforeTest setup -->
</testsuite> <!-- My Sample Test -->
